2022-07-26 11:10:41  LibNcFTP 3.2.5 (January 17, 2011) compiled for Windows
2022-07-26 11:10:41  220: Welcome ...
2022-07-26 11:10:41  Connected to TPFP01.
2022-07-26 11:10:41  Cmd: USER B00NGWGP
2022-07-26 11:10:41  331: Password required for B00NGWGP.
2022-07-26 11:10:41  Cmd: PASS xxxxxxxx
2022-07-26 11:10:42  230: Disk Quota - Current : 268.376 MBytes - Max : 1 GBytes - Available : 755.624 MBytes
2022-07-26 11:10:42       User B00NGWGP logged in.
2022-07-26 11:10:42  Cmd: PWD
2022-07-26 11:10:42  257: "/" is current directory.
2022-07-26 11:10:42  Logged in to TPFP01 as B00NGWGP.
2022-07-26 11:10:42  Cmd: FEAT
2022-07-26 11:10:42  211: Extensions supported:
2022-07-26 11:10:42        AUTH TLS
2022-07-26 11:10:42        CCC
2022-07-26 11:10:42        CLNT
2022-07-26 11:10:42        CPSV
2022-07-26 11:10:42        EPRT
2022-07-26 11:10:42        EPSV
2022-07-26 11:10:42        MDTM
2022-07-26 11:10:42        MFCT
2022-07-26 11:10:42        MFMT
2022-07-26 11:10:42        MLST type*;size*;create;modify*;
2022-07-26 11:10:42        PASV
2022-07-26 11:10:42        PBSZ
2022-07-26 11:10:42        PROT
2022-07-26 11:10:42        REST STREAM
2022-07-26 11:10:42        SIZE
2022-07-26 11:10:42        SSCN
2022-07-26 11:10:42        TVFS
2022-07-26 11:10:42        UTF8
2022-07-26 11:10:42        XCRC "filename" SP EP
2022-07-26 11:10:42        XMD5 "filename" SP EP
2022-07-26 11:10:42        XSHA1 "filename" SP EP
2022-07-26 11:10:42       End.
2022-07-26 11:10:42  Cmd: HELP SITE
2022-07-26 11:10:42  214: No help available
2022-07-26 11:10:42  Cmd: CLNT NcFTPGet 3.2.5 Windows
2022-07-26 11:10:42  200: Noted.
2022-07-26 11:10:42  Cmd: PASV
2022-07-26 11:10:42  227: Entering Passive Mode (172,24,4,9,41,194)
2022-07-26 11:10:42  Cmd: NLST /0001/test/*.*
2022-07-26 11:10:42  150: Data connection accepted from 10.3.93.52:52684; transfer starting.
2022-07-26 11:10:42  226: Disk Quota - Current : 268.376 MBytes - Max : 1 GBytes - Available : 755.624 MBytes
2022-07-26 11:10:42       Transfer ok.
2022-07-26 11:10:42    Rglob changed: [T20200613_43405190_044670.pdf] to [/0001/test/T20200613_43405190_044670.pdf]
2022-07-26 11:10:42    Rglob changed: [T20200613_43405190_044686.pdf] to [/0001/test/T20200613_43405190_044686.pdf]
2022-07-26 11:10:42    Rglob changed: [T20200613_43405190_044687.pdf] to [/0001/test/T20200613_43405190_044687.pdf]
2022-07-26 11:10:42    Rglob changed: [T20200613_43405190_044688.pdf] to [/0001/test/T20200613_43405190_044688.pdf]
2022-07-26 11:10:42    Rglob changed: [T20200619_43405190_045309.pdf] to [/0001/test/T20200619_43405190_045309.pdf]
2022-07-26 11:10:42    Rglob changed: [T20200619_43405190_045310.pdf] to [/0001/test/T20200619_43405190_045310.pdf]
2022-07-26 11:10:42    Rglob [/0001/test/T20200613_43405190_044670.pdf]
2022-07-26 11:10:42    Rglob [/0001/test/T20200613_43405190_044686.pdf]
2022-07-26 11:10:42    Rglob [/0001/test/T20200613_43405190_044687.pdf]
2022-07-26 11:10:42    Rglob [/0001/test/T20200613_43405190_044688.pdf]
2022-07-26 11:10:42    Rglob [/0001/test/T20200619_43405190_045309.pdf]
2022-07-26 11:10:42    Rglob [/0001/test/T20200619_43405190_045310.pdf]
2022-07-26 11:10:42  Cmd: TYPE I
2022-07-26 11:10:42  200: Type set to I.
2022-07-26 11:10:42  Cmd: OPTS MLST type;size;modify;
2022-07-26 11:10:42  200: MLST OPTS type;size;modify;
2022-07-26 11:10:42  Cmd: MLST /0001/test/T20200613_43405190_044670.pdf
2022-07-26 11:10:42  250: Begin
2022-07-26 11:10:42        type=file;size=28837;modify=20220726030949; /0001/test/T20200613_43405190_044670.pdf
2022-07-26 11:10:42       End.
2022-07-26 11:10:42  Cmd: PASV
2022-07-26 11:10:42  227: Entering Passive Mode (172,24,4,9,40,186)
2022-07-26 11:10:42  Cmd: RETR /0001/test/T20200613_43405190_044670.pdf
2022-07-26 11:10:42  150: Data connection accepted from 10.3.93.52:52685; transfer starting for /0001/test/T20200613_43405190_044670.pdf (28837 bytes)
2022-07-26 11:10:42  226: Disk Quota - Current : 268.376 MBytes - Max : 1 GBytes - Available : 755.624 MBytes
2022-07-26 11:10:42       File sent ok.
2022-07-26 11:10:42  Cmd: DELE /0001/test/T20200613_43405190_044670.pdf
2022-07-26 11:10:42  250: Disk Quota - Current : 268.348 MBytes - Max : 1 GBytes - Available : 755.652 MBytes
2022-07-26 11:10:42       File "/0001/test/T20200613_43405190_044670.pdf" deleted.
2022-07-26 11:10:42  Cmd: MLST /0001/test/T20200613_43405190_044686.pdf
2022-07-26 11:10:42  250: Begin
2022-07-26 11:10:42        type=file;size=29339;modify=20220726030949; /0001/test/T20200613_43405190_044686.pdf
2022-07-26 11:10:42       End.
2022-07-26 11:10:42  Cmd: PASV
2022-07-26 11:10:42  227: Entering Passive Mode (172,24,4,9,41,59)
2022-07-26 11:10:42  Cmd: RETR /0001/test/T20200613_43405190_044686.pdf
2022-07-26 11:10:42  150: Data connection accepted from 10.3.93.52:52686; transfer starting for /0001/test/T20200613_43405190_044686.pdf (29339 bytes)
2022-07-26 11:10:42  226: Disk Quota - Current : 268.348 MBytes - Max : 1 GBytes - Available : 755.652 MBytes
2022-07-26 11:10:42       File sent ok.
2022-07-26 11:10:42  Cmd: DELE /0001/test/T20200613_43405190_044686.pdf
2022-07-26 11:10:42  250: Disk Quota - Current : 268.32 MBytes - Max : 1 GBytes - Available : 755.68 MBytes
2022-07-26 11:10:42       File "/0001/test/T20200613_43405190_044686.pdf" deleted.
2022-07-26 11:10:42  Cmd: MLST /0001/test/T20200613_43405190_044687.pdf
2022-07-26 11:10:42  250: Begin
2022-07-26 11:10:42        type=file;size=44441;modify=20220726030949; /0001/test/T20200613_43405190_044687.pdf
2022-07-26 11:10:42       End.
2022-07-26 11:10:42  Cmd: PASV
2022-07-26 11:10:42  227: Entering Passive Mode (172,24,4,9,41,239)
2022-07-26 11:10:42  Cmd: RETR /0001/test/T20200613_43405190_044687.pdf
2022-07-26 11:10:42  150: Data connection accepted from 10.3.93.52:52687; transfer starting for /0001/test/T20200613_43405190_044687.pdf (44441 bytes)
2022-07-26 11:10:42  226: Disk Quota - Current : 268.32 MBytes - Max : 1 GBytes - Available : 755.68 MBytes
2022-07-26 11:10:42       File sent ok.
2022-07-26 11:10:42  Cmd: DELE /0001/test/T20200613_43405190_044687.pdf
2022-07-26 11:10:42  250: Disk Quota - Current : 268.278 MBytes - Max : 1 GBytes - Available : 755.722 MBytes
2022-07-26 11:10:42       File "/0001/test/T20200613_43405190_044687.pdf" deleted.
2022-07-26 11:10:42  Cmd: MLST /0001/test/T20200613_43405190_044688.pdf
2022-07-26 11:10:42  250: Begin
2022-07-26 11:10:42        type=file;size=40451;modify=20220726030949; /0001/test/T20200613_43405190_044688.pdf
2022-07-26 11:10:42       End.
2022-07-26 11:10:42  Cmd: PASV
2022-07-26 11:10:42  227: Entering Passive Mode (172,24,4,9,41,56)
2022-07-26 11:10:42  Cmd: RETR /0001/test/T20200613_43405190_044688.pdf
2022-07-26 11:10:42  150: Data connection accepted from 10.3.93.52:52688; transfer starting for /0001/test/T20200613_43405190_044688.pdf (40451 bytes)
2022-07-26 11:10:42  226: Disk Quota - Current : 268.278 MBytes - Max : 1 GBytes - Available : 755.722 MBytes
2022-07-26 11:10:42       File sent ok.
2022-07-26 11:10:42  Cmd: DELE /0001/test/T20200613_43405190_044688.pdf
2022-07-26 11:10:42  250: Disk Quota - Current : 268.239 MBytes - Max : 1 GBytes - Available : 755.761 MBytes
2022-07-26 11:10:42       File "/0001/test/T20200613_43405190_044688.pdf" deleted.
2022-07-26 11:10:42  Cmd: MLST /0001/test/T20200619_43405190_045309.pdf
2022-07-26 11:10:42  250: Begin
2022-07-26 11:10:42        type=file;size=44883;modify=20220726030949; /0001/test/T20200619_43405190_045309.pdf
2022-07-26 11:10:42       End.
2022-07-26 11:10:42  Cmd: PASV
2022-07-26 11:10:42  227: Entering Passive Mode (172,24,4,9,40,236)
2022-07-26 11:10:42  Cmd: RETR /0001/test/T20200619_43405190_045309.pdf
2022-07-26 11:10:42  150: Data connection accepted from 10.3.93.52:52689; transfer starting for /0001/test/T20200619_43405190_045309.pdf (44883 bytes)
2022-07-26 11:10:42  226: Disk Quota - Current : 268.239 MBytes - Max : 1 GBytes - Available : 755.761 MBytes
2022-07-26 11:10:42       File sent ok.
2022-07-26 11:10:42  Cmd: DELE /0001/test/T20200619_43405190_045309.pdf
2022-07-26 11:10:42  250: Disk Quota - Current : 268.197 MBytes - Max : 1 GBytes - Available : 755.803 MBytes
2022-07-26 11:10:42       File "/0001/test/T20200619_43405190_045309.pdf" deleted.
2022-07-26 11:10:42  Cmd: MLST /0001/test/T20200619_43405190_045310.pdf
2022-07-26 11:10:42  250: Begin
2022-07-26 11:10:42        type=file;size=44097;modify=20220726030949; /0001/test/T20200619_43405190_045310.pdf
2022-07-26 11:10:42       End.
2022-07-26 11:10:42  Cmd: PASV
2022-07-26 11:10:42  227: Entering Passive Mode (172,24,4,9,40,124)
2022-07-26 11:10:42  Cmd: RETR /0001/test/T20200619_43405190_045310.pdf
2022-07-26 11:10:42  150: Data connection accepted from 10.3.93.52:52690; transfer starting for /0001/test/T20200619_43405190_045310.pdf (44097 bytes)
2022-07-26 11:10:42  226: Disk Quota - Current : 268.197 MBytes - Max : 1 GBytes - Available : 755.803 MBytes
2022-07-26 11:10:42       File sent ok.
2022-07-26 11:10:42  Cmd: DELE /0001/test/T20200619_43405190_045310.pdf
2022-07-26 11:10:42  250: Disk Quota - Current : 268.155 MBytes - Max : 1 GBytes - Available : 755.845 MBytes
2022-07-26 11:10:42       File "/0001/test/T20200619_43405190_045310.pdf" deleted.
2022-07-26 11:10:42  Cmd: QUIT
2022-07-26 11:10:42  221: Goodbye.
2022-07-26 11:11:59  LibNcFTP 3.2.5 (January 17, 2011) compiled for Windows
2022-07-26 11:11:59  220: Welcome ...
2022-07-26 11:11:59  Connected to TPFP01.
2022-07-26 11:11:59  Cmd: USER B00NGWGP
2022-07-26 11:11:59  331: Password required for B00NGWGP.
2022-07-26 11:11:59  Cmd: PASS xxxxxxxx
2022-07-26 11:11:59  230: Disk Quota - Current : 268.376 MBytes - Max : 1 GBytes - Available : 755.624 MBytes
2022-07-26 11:11:59       User B00NGWGP logged in.
2022-07-26 11:11:59  Cmd: PWD
2022-07-26 11:11:59  257: "/" is current directory.
2022-07-26 11:11:59  Logged in to TPFP01 as B00NGWGP.
2022-07-26 11:11:59  Cmd: FEAT
2022-07-26 11:11:59  211: Extensions supported:
2022-07-26 11:11:59        AUTH TLS
2022-07-26 11:11:59        CCC
2022-07-26 11:11:59        CLNT
2022-07-26 11:11:59        CPSV
2022-07-26 11:11:59        EPRT
2022-07-26 11:11:59        EPSV
2022-07-26 11:11:59        MDTM
2022-07-26 11:11:59        MFCT
2022-07-26 11:11:59        MFMT
2022-07-26 11:11:59        MLST type*;size*;create;modify*;
2022-07-26 11:11:59        PASV
2022-07-26 11:11:59        PBSZ
2022-07-26 11:11:59        PROT
2022-07-26 11:11:59        REST STREAM
2022-07-26 11:11:59        SIZE
2022-07-26 11:11:59        SSCN
2022-07-26 11:11:59        TVFS
2022-07-26 11:11:59        UTF8
2022-07-26 11:11:59        XCRC "filename" SP EP
2022-07-26 11:11:59        XMD5 "filename" SP EP
2022-07-26 11:11:59        XSHA1 "filename" SP EP
2022-07-26 11:11:59       End.
2022-07-26 11:11:59  Cmd: HELP SITE
2022-07-26 11:11:59  214: No help available
2022-07-26 11:11:59  Cmd: CLNT NcFTPGet 3.2.5 Windows
2022-07-26 11:11:59  200: Noted.
2022-07-26 11:11:59  Cmd: OPTS MLST type;size;modify;
2022-07-26 11:11:59  200: MLST OPTS type;size;modify;
2022-07-26 11:11:59  Cmd: MLST /0001/test
2022-07-26 11:11:59  250: Begin
2022-07-26 11:11:59        type=dir;modify=20220726031130; /0001/test
2022-07-26 11:11:59       End.
2022-07-26 11:11:59  Cmd: PWD
2022-07-26 11:11:59  257: "/" is current directory.
2022-07-26 11:11:59  Cmd: CWD /0001/test
2022-07-26 11:11:59  250: CWD command successful. "/0001/test" is current directory.
2022-07-26 11:11:59  Cmd: MLST .
2022-07-26 11:11:59  250: Begin
2022-07-26 11:11:59        type=dir;modify=20220726031130; /0001/test
2022-07-26 11:11:59       End.
2022-07-26 11:11:59  Cmd: MLST .
2022-07-26 11:11:59  250: Begin
2022-07-26 11:11:59        type=dir;modify=20220726031130; /0001/test
2022-07-26 11:11:59       End.
2022-07-26 11:11:59  Cmd: PASV
2022-07-26 11:11:59  227: Entering Passive Mode (172,24,4,9,40,189)
2022-07-26 11:11:59  Cmd: MLSD
2022-07-26 11:11:59  150: Data connection accepted from 10.3.93.52:52709; transfer starting.
2022-07-26 11:11:59  226: Disk Quota - Current : 268.376 MBytes - Max : 1 GBytes - Available : 755.624 MBytes
2022-07-26 11:11:59       Transfer ok.
2022-07-26 11:11:59  Cmd: PASV
2022-07-26 11:11:59  227: Entering Passive Mode (172,24,4,9,40,154)
2022-07-26 11:11:59  Cmd: MLSD ./demo1
2022-07-26 11:11:59  150: Data connection accepted from 10.3.93.52:52710; transfer starting.
2022-07-26 11:11:59  226: Disk Quota - Current : 268.376 MBytes - Max : 1 GBytes - Available : 755.624 MBytes
2022-07-26 11:11:59       Transfer ok.
2022-07-26 11:11:59  Cmd: PASV
2022-07-26 11:11:59  227: Entering Passive Mode (172,24,4,9,40,111)
2022-07-26 11:11:59  Cmd: MLSD ./demo2
2022-07-26 11:11:59  150: Data connection accepted from 10.3.93.52:52711; transfer starting.
2022-07-26 11:11:59  226: Disk Quota - Current : 268.376 MBytes - Max : 1 GBytes - Available : 755.624 MBytes
2022-07-26 11:11:59       Transfer ok.
2022-07-26 11:11:59  Cmd: CWD /
2022-07-26 11:11:59  250: CWD command successful. "/" is current directory.
2022-07-26 11:11:59  Cmd: MDTM /0001/test/T20200613_43405190_044670.pdf
2022-07-26 11:11:59  213: 20220726031130
2022-07-26 11:11:59  Cmd: TYPE I
2022-07-26 11:11:59  200: Type set to I.
2022-07-26 11:11:59  Cmd: PASV
2022-07-26 11:11:59  227: Entering Passive Mode (172,24,4,9,41,237)
2022-07-26 11:11:59  Cmd: RETR /0001/test/T20200613_43405190_044670.pdf
2022-07-26 11:11:59  150: Data connection accepted from 10.3.93.52:52712; transfer starting for /0001/test/T20200613_43405190_044670.pdf (28837 bytes)
2022-07-26 11:11:59  226: Disk Quota - Current : 268.376 MBytes - Max : 1 GBytes - Available : 755.624 MBytes
2022-07-26 11:11:59       File sent ok.
2022-07-26 11:11:59  Cmd: DELE /0001/test/T20200613_43405190_044670.pdf
2022-07-26 11:11:59  250: Disk Quota - Current : 268.348 MBytes - Max : 1 GBytes - Available : 755.652 MBytes
2022-07-26 11:11:59       File "/0001/test/T20200613_43405190_044670.pdf" deleted.
2022-07-26 11:11:59  Cmd: MDTM /0001/test/T20200613_43405190_044686.pdf
2022-07-26 11:11:59  213: 20220726031130
2022-07-26 11:11:59  Cmd: PASV
2022-07-26 11:11:59  227: Entering Passive Mode (172,24,4,9,40,117)
2022-07-26 11:11:59  Cmd: RETR /0001/test/T20200613_43405190_044686.pdf
2022-07-26 11:11:59  150: Data connection accepted from 10.3.93.52:52714; transfer starting for /0001/test/T20200613_43405190_044686.pdf (29339 bytes)
2022-07-26 11:11:59  226: Disk Quota - Current : 268.348 MBytes - Max : 1 GBytes - Available : 755.652 MBytes
2022-07-26 11:11:59       File sent ok.
2022-07-26 11:11:59  Cmd: DELE /0001/test/T20200613_43405190_044686.pdf
2022-07-26 11:11:59  250: Disk Quota - Current : 268.32 MBytes - Max : 1 GBytes - Available : 755.68 MBytes
2022-07-26 11:11:59       File "/0001/test/T20200613_43405190_044686.pdf" deleted.
2022-07-26 11:11:59  Cmd: MDTM /0001/test/T20200613_43405190_044687.pdf
2022-07-26 11:11:59  213: 20220726031130
2022-07-26 11:11:59  Cmd: PASV
2022-07-26 11:11:59  227: Entering Passive Mode (172,24,4,9,40,185)
2022-07-26 11:11:59  Cmd: RETR /0001/test/T20200613_43405190_044687.pdf
2022-07-26 11:11:59  150: Data connection accepted from 10.3.93.52:52715; transfer starting for /0001/test/T20200613_43405190_044687.pdf (44441 bytes)
2022-07-26 11:11:59  226: Disk Quota - Current : 268.32 MBytes - Max : 1 GBytes - Available : 755.68 MBytes
2022-07-26 11:11:59       File sent ok.
2022-07-26 11:11:59  Cmd: DELE /0001/test/T20200613_43405190_044687.pdf
2022-07-26 11:11:59  250: Disk Quota - Current : 268.278 MBytes - Max : 1 GBytes - Available : 755.722 MBytes
2022-07-26 11:11:59       File "/0001/test/T20200613_43405190_044687.pdf" deleted.
2022-07-26 11:11:59  Cmd: MDTM /0001/test/T20200613_43405190_044688.pdf
2022-07-26 11:11:59  213: 20220726031130
2022-07-26 11:11:59  Cmd: PASV
2022-07-26 11:11:59  227: Entering Passive Mode (172,24,4,9,40,129)
2022-07-26 11:11:59  Cmd: RETR /0001/test/T20200613_43405190_044688.pdf
2022-07-26 11:11:59  150: Data connection accepted from 10.3.93.52:52717; transfer starting for /0001/test/T20200613_43405190_044688.pdf (40451 bytes)
2022-07-26 11:11:59  226: Disk Quota - Current : 268.278 MBytes - Max : 1 GBytes - Available : 755.722 MBytes
2022-07-26 11:11:59       File sent ok.
2022-07-26 11:11:59  Cmd: DELE /0001/test/T20200613_43405190_044688.pdf
2022-07-26 11:11:59  250: Disk Quota - Current : 268.239 MBytes - Max : 1 GBytes - Available : 755.761 MBytes
2022-07-26 11:11:59       File "/0001/test/T20200613_43405190_044688.pdf" deleted.
2022-07-26 11:11:59  Cmd: MDTM /0001/test/T20200619_43405190_045309.pdf
2022-07-26 11:11:59  213: 20220726031130
2022-07-26 11:11:59  Cmd: PASV
2022-07-26 11:11:59  227: Entering Passive Mode (172,24,4,9,41,56)
2022-07-26 11:11:59  Cmd: RETR /0001/test/T20200619_43405190_045309.pdf
2022-07-26 11:11:59  150: Data connection accepted from 10.3.93.52:52718; transfer starting for /0001/test/T20200619_43405190_045309.pdf (44883 bytes)
2022-07-26 11:11:59  226: Disk Quota - Current : 268.239 MBytes - Max : 1 GBytes - Available : 755.761 MBytes
2022-07-26 11:11:59       File sent ok.
2022-07-26 11:11:59  Cmd: DELE /0001/test/T20200619_43405190_045309.pdf
2022-07-26 11:11:59  250: Disk Quota - Current : 268.197 MBytes - Max : 1 GBytes - Available : 755.803 MBytes
2022-07-26 11:11:59       File "/0001/test/T20200619_43405190_045309.pdf" deleted.
2022-07-26 11:11:59  Cmd: MDTM /0001/test/T20200619_43405190_045310.pdf
2022-07-26 11:11:59  213: 20220726031130
2022-07-26 11:11:59  Cmd: PASV
2022-07-26 11:11:59  227: Entering Passive Mode (172,24,4,9,40,138)
2022-07-26 11:11:59  Cmd: RETR /0001/test/T20200619_43405190_045310.pdf
2022-07-26 11:11:59  150: Data connection accepted from 10.3.93.52:52719; transfer starting for /0001/test/T20200619_43405190_045310.pdf (44097 bytes)
2022-07-26 11:11:59  226: Disk Quota - Current : 268.197 MBytes - Max : 1 GBytes - Available : 755.803 MBytes
2022-07-26 11:11:59       File sent ok.
2022-07-26 11:11:59  Cmd: DELE /0001/test/T20200619_43405190_045310.pdf
2022-07-26 11:11:59  250: Disk Quota - Current : 268.155 MBytes - Max : 1 GBytes - Available : 755.845 MBytes
2022-07-26 11:11:59       File "/0001/test/T20200619_43405190_045310.pdf" deleted.
2022-07-26 11:11:59  Cmd: QUIT
2022-07-26 11:11:59  221: Goodbye.
2022-07-26 11:13:29  LibNcFTP 3.2.5 (January 17, 2011) compiled for Windows
2022-07-26 11:13:29  220: Welcome ...
2022-07-26 11:13:29  Connected to TPFP01.
2022-07-26 11:13:29  Cmd: USER B00NGWGP
2022-07-26 11:13:29  331: Password required for B00NGWGP.
2022-07-26 11:13:29  Cmd: PASS xxxxxxxx
2022-07-26 11:13:29  230: Disk Quota - Current : 268.411 MBytes - Max : 1 GBytes - Available : 755.589 MBytes
2022-07-26 11:13:29       User B00NGWGP logged in.
2022-07-26 11:13:29  Cmd: PWD
2022-07-26 11:13:29  257: "/" is current directory.
2022-07-26 11:13:29  Logged in to TPFP01 as B00NGWGP.
2022-07-26 11:13:29  Cmd: FEAT
2022-07-26 11:13:29  211: Extensions supported:
2022-07-26 11:13:29        AUTH TLS
2022-07-26 11:13:29        CCC
2022-07-26 11:13:29        CLNT
2022-07-26 11:13:29        CPSV
2022-07-26 11:13:29        EPRT
2022-07-26 11:13:29        EPSV
2022-07-26 11:13:29        MDTM
2022-07-26 11:13:29        MFCT
2022-07-26 11:13:29        MFMT
2022-07-26 11:13:29        MLST type*;size*;create;modify*;
2022-07-26 11:13:29        PASV
2022-07-26 11:13:29        PBSZ
2022-07-26 11:13:29        PROT
2022-07-26 11:13:29        REST STREAM
2022-07-26 11:13:29        SIZE
2022-07-26 11:13:29        SSCN
2022-07-26 11:13:29        TVFS
2022-07-26 11:13:29        UTF8
2022-07-26 11:13:29        XCRC "filename" SP EP
2022-07-26 11:13:29        XMD5 "filename" SP EP
2022-07-26 11:13:29        XSHA1 "filename" SP EP
2022-07-26 11:13:29       End.
2022-07-26 11:13:29  Cmd: HELP SITE
2022-07-26 11:13:29  214: No help available
2022-07-26 11:13:29  Cmd: CLNT NcFTPGet 3.2.5 Windows
2022-07-26 11:13:29  200: Noted.
2022-07-26 11:13:29  Cmd: OPTS MLST type;size;modify;
2022-07-26 11:13:29  200: MLST OPTS type;size;modify;
2022-07-26 11:13:29  Cmd: MLST /0001/test
2022-07-26 11:13:29  250: Begin
2022-07-26 11:13:29        type=dir;modify=20220726031314; /0001/test
2022-07-26 11:13:30       End.
2022-07-26 11:13:30  Cmd: PWD
2022-07-26 11:13:30  257: "/" is current directory.
2022-07-26 11:13:30  Cmd: CWD /0001/test
2022-07-26 11:13:30  250: CWD command successful. "/0001/test" is current directory.
2022-07-26 11:13:30  Cmd: MLST .
2022-07-26 11:13:30  250: Begin
2022-07-26 11:13:30        type=dir;modify=20220726031314; /0001/test
2022-07-26 11:13:30       End.
2022-07-26 11:13:30  Cmd: MLST .
2022-07-26 11:13:30  250: Begin
2022-07-26 11:13:30        type=dir;modify=20220726031314; /0001/test
2022-07-26 11:13:30       End.
2022-07-26 11:13:30  Cmd: PASV
2022-07-26 11:13:30  227: Entering Passive Mode (172,24,4,9,41,214)
2022-07-26 11:13:30  Cmd: MLSD
2022-07-26 11:13:30  150: Data connection accepted from 10.3.93.52:52792; transfer starting.
2022-07-26 11:13:30  226: Disk Quota - Current : 268.411 MBytes - Max : 1 GBytes - Available : 755.589 MBytes
2022-07-26 11:13:30       Transfer ok.
2022-07-26 11:13:30  Cmd: PASV
2022-07-26 11:13:30  227: Entering Passive Mode (172,24,4,9,40,20)
2022-07-26 11:13:30  Cmd: MLSD ./demo1
2022-07-26 11:13:30  150: Data connection accepted from 10.3.93.52:52793; transfer starting.
2022-07-26 11:13:30  226: Disk Quota - Current : 268.411 MBytes - Max : 1 GBytes - Available : 755.589 MBytes
2022-07-26 11:13:30       Transfer ok.
2022-07-26 11:13:30  Cmd: PASV
2022-07-26 11:13:30  227: Entering Passive Mode (172,24,4,9,40,109)
2022-07-26 11:13:30  Cmd: MLSD ./demo2
2022-07-26 11:13:30  150: Data connection accepted from 10.3.93.52:52794; transfer starting.
2022-07-26 11:13:30  226: Disk Quota - Current : 268.411 MBytes - Max : 1 GBytes - Available : 755.589 MBytes
2022-07-26 11:13:30       Transfer ok.
2022-07-26 11:13:30  Cmd: CWD /
2022-07-26 11:13:30  250: CWD command successful. "/" is current directory.
2022-07-26 11:13:30  Cmd: MDTM /0001/test/T20200613_43405190_044670.pdf
2022-07-26 11:13:30  213: 20220726031314
2022-07-26 11:13:30  Cmd: TYPE I
2022-07-26 11:13:30  200: Type set to I.
2022-07-26 11:13:30  Cmd: PASV
2022-07-26 11:13:30  227: Entering Passive Mode (172,24,4,9,41,71)
2022-07-26 11:13:30  Cmd: RETR /0001/test/T20200613_43405190_044670.pdf
2022-07-26 11:13:30  150: Data connection accepted from 10.3.93.52:52795; transfer starting for /0001/test/T20200613_43405190_044670.pdf (28837 bytes)
2022-07-26 11:13:30  226: Disk Quota - Current : 268.411 MBytes - Max : 1 GBytes - Available : 755.589 MBytes
2022-07-26 11:13:30       File sent ok.
2022-07-26 11:13:30  Cmd: DELE /0001/test/T20200613_43405190_044670.pdf
2022-07-26 11:13:30  250: Disk Quota - Current : 268.383 MBytes - Max : 1 GBytes - Available : 755.617 MBytes
2022-07-26 11:13:30       File "/0001/test/T20200613_43405190_044670.pdf" deleted.
2022-07-26 11:13:30  Cmd: MDTM /0001/test/T20200613_43405190_044686.pdf
2022-07-26 11:13:30  213: 20220726031314
2022-07-26 11:13:30  Cmd: PASV
2022-07-26 11:13:30  227: Entering Passive Mode (172,24,4,9,40,47)
2022-07-26 11:13:30  Cmd: RETR /0001/test/T20200613_43405190_044686.pdf
2022-07-26 11:13:30  150: Data connection accepted from 10.3.93.52:52796; transfer starting for /0001/test/T20200613_43405190_044686.pdf (29339 bytes)
2022-07-26 11:13:30  226: Disk Quota - Current : 268.383 MBytes - Max : 1 GBytes - Available : 755.617 MBytes
2022-07-26 11:13:30       File sent ok.
2022-07-26 11:13:30  Cmd: DELE /0001/test/T20200613_43405190_044686.pdf
2022-07-26 11:13:30  250: Disk Quota - Current : 268.355 MBytes - Max : 1 GBytes - Available : 755.645 MBytes
2022-07-26 11:13:30       File "/0001/test/T20200613_43405190_044686.pdf" deleted.
2022-07-26 11:13:30  Cmd: MDTM /0001/test/T20200613_43405190_044687.pdf
2022-07-26 11:13:30  213: 20220726031314
2022-07-26 11:13:30  Cmd: PASV
2022-07-26 11:13:30  227: Entering Passive Mode (172,24,4,9,40,105)
2022-07-26 11:13:30  Cmd: RETR /0001/test/T20200613_43405190_044687.pdf
2022-07-26 11:13:30  150: Data connection accepted from 10.3.93.52:52797; transfer starting for /0001/test/T20200613_43405190_044687.pdf (44441 bytes)
2022-07-26 11:13:30  226: Disk Quota - Current : 268.355 MBytes - Max : 1 GBytes - Available : 755.645 MBytes
2022-07-26 11:13:30       File sent ok.
2022-07-26 11:13:30  Cmd: DELE /0001/test/T20200613_43405190_044687.pdf
2022-07-26 11:13:30  250: Disk Quota - Current : 268.313 MBytes - Max : 1 GBytes - Available : 755.687 MBytes
2022-07-26 11:13:30       File "/0001/test/T20200613_43405190_044687.pdf" deleted.
2022-07-26 11:13:30  Cmd: MDTM /0001/test/T20200613_43405190_044688.pdf
2022-07-26 11:13:30  213: 20220726031314
2022-07-26 11:13:30  Cmd: PASV
2022-07-26 11:13:30  227: Entering Passive Mode (172,24,4,9,41,146)
2022-07-26 11:13:30  Cmd: RETR /0001/test/T20200613_43405190_044688.pdf
2022-07-26 11:13:30  150: Data connection accepted from 10.3.93.52:52798; transfer starting for /0001/test/T20200613_43405190_044688.pdf (40451 bytes)
2022-07-26 11:13:30  226: Disk Quota - Current : 268.313 MBytes - Max : 1 GBytes - Available : 755.687 MBytes
2022-07-26 11:13:30       File sent ok.
2022-07-26 11:13:30  Cmd: DELE /0001/test/T20200613_43405190_044688.pdf
2022-07-26 11:13:30  250: Disk Quota - Current : 268.275 MBytes - Max : 1 GBytes - Available : 755.725 MBytes
2022-07-26 11:13:30       File "/0001/test/T20200613_43405190_044688.pdf" deleted.
2022-07-26 11:13:30  Cmd: MDTM /0001/test/T20200619_43405190_045309.pdf
2022-07-26 11:13:30  213: 20220726031314
2022-07-26 11:13:30  Cmd: PASV
2022-07-26 11:13:30  227: Entering Passive Mode (172,24,4,9,40,86)
2022-07-26 11:13:30  Cmd: RETR /0001/test/T20200619_43405190_045309.pdf
2022-07-26 11:13:30  150: Data connection accepted from 10.3.93.52:52799; transfer starting for /0001/test/T20200619_43405190_045309.pdf (44883 bytes)
2022-07-26 11:13:30  226: Disk Quota - Current : 268.275 MBytes - Max : 1 GBytes - Available : 755.725 MBytes
2022-07-26 11:13:30       File sent ok.
2022-07-26 11:13:30  Cmd: DELE /0001/test/T20200619_43405190_045309.pdf
2022-07-26 11:13:30  250: Disk Quota - Current : 268.232 MBytes - Max : 1 GBytes - Available : 755.768 MBytes
2022-07-26 11:13:30       File "/0001/test/T20200619_43405190_045309.pdf" deleted.
2022-07-26 11:13:30  Cmd: MDTM /0001/test/T20200619_43405190_045310.pdf
2022-07-26 11:13:30  213: 20220726031314
2022-07-26 11:13:30  Cmd: PASV
2022-07-26 11:13:30  227: Entering Passive Mode (172,24,4,9,40,19)
2022-07-26 11:13:30  Cmd: RETR /0001/test/T20200619_43405190_045310.pdf
2022-07-26 11:13:30  150: Data connection accepted from 10.3.93.52:52800; transfer starting for /0001/test/T20200619_43405190_045310.pdf (44097 bytes)
2022-07-26 11:13:30  226: Disk Quota - Current : 268.232 MBytes - Max : 1 GBytes - Available : 755.768 MBytes
2022-07-26 11:13:30       File sent ok.
2022-07-26 11:13:30  Cmd: DELE /0001/test/T20200619_43405190_045310.pdf
2022-07-26 11:13:30  250: Disk Quota - Current : 268.19 MBytes - Max : 1 GBytes - Available : 755.81 MBytes
2022-07-26 11:13:30       File "/0001/test/T20200619_43405190_045310.pdf" deleted.
2022-07-26 11:13:30  Cmd: MDTM /0001/test/demo1/demo1.txt
2022-07-26 11:13:30  213: 20220726031322
2022-07-26 11:13:30  Cmd: PASV
2022-07-26 11:13:30  227: Entering Passive Mode (172,24,4,9,41,117)
2022-07-26 11:13:30  Cmd: RETR /0001/test/demo1/demo1.txt
2022-07-26 11:13:30  150: Data connection accepted from 10.3.93.52:52801; transfer starting for /0001/test/demo1/demo1.txt (4598 bytes)
2022-07-26 11:13:30  226: Disk Quota - Current : 268.19 MBytes - Max : 1 GBytes - Available : 755.81 MBytes
2022-07-26 11:13:30       File sent ok.
2022-07-26 11:13:30  Cmd: DELE /0001/test/demo1/demo1.txt
2022-07-26 11:13:30  250: Disk Quota - Current : 268.185 MBytes - Max : 1 GBytes - Available : 755.815 MBytes
2022-07-26 11:13:30       File "/0001/test/demo1/demo1.txt" deleted.
2022-07-26 11:13:30  Cmd: MDTM /0001/test/demo1/demo2.txt
2022-07-26 11:13:30  213: 20220726031322
2022-07-26 11:13:30  Cmd: PASV
2022-07-26 11:13:30  227: Entering Passive Mode (172,24,4,9,41,122)
2022-07-26 11:13:30  Cmd: RETR /0001/test/demo1/demo2.txt
2022-07-26 11:13:30  150: Data connection accepted from 10.3.93.52:52802; transfer starting for /0001/test/demo1/demo2.txt (4598 bytes)
2022-07-26 11:13:30  226: Disk Quota - Current : 268.185 MBytes - Max : 1 GBytes - Available : 755.815 MBytes
2022-07-26 11:13:30       File sent ok.
2022-07-26 11:13:30  Cmd: DELE /0001/test/demo1/demo2.txt
2022-07-26 11:13:30  250: Disk Quota - Current : 268.181 MBytes - Max : 1 GBytes - Available : 755.819 MBytes
2022-07-26 11:13:30       File "/0001/test/demo1/demo2.txt" deleted.
2022-07-26 11:13:30  Cmd: MDTM /0001/test/demo1/demo3.txt
2022-07-26 11:13:30  213: 20220726031322
2022-07-26 11:13:30  Cmd: PASV
2022-07-26 11:13:30  227: Entering Passive Mode (172,24,4,9,40,225)
2022-07-26 11:13:30  Cmd: RETR /0001/test/demo1/demo3.txt
2022-07-26 11:13:30  150: Data connection accepted from 10.3.93.52:52803; transfer starting for /0001/test/demo1/demo3.txt (4598 bytes)
2022-07-26 11:13:30  226: Disk Quota - Current : 268.181 MBytes - Max : 1 GBytes - Available : 755.819 MBytes
2022-07-26 11:13:30       File sent ok.
2022-07-26 11:13:30  Cmd: DELE /0001/test/demo1/demo3.txt
2022-07-26 11:13:30  250: Disk Quota - Current : 268.177 MBytes - Max : 1 GBytes - Available : 755.823 MBytes
2022-07-26 11:13:30       File "/0001/test/demo1/demo3.txt" deleted.
2022-07-26 11:13:30  Cmd: MDTM /0001/test/demo1/demo4.txt
2022-07-26 11:13:30  213: 20220726031322
2022-07-26 11:13:30  Cmd: PASV
2022-07-26 11:13:30  227: Entering Passive Mode (172,24,4,9,41,126)
2022-07-26 11:13:30  Cmd: RETR /0001/test/demo1/demo4.txt
2022-07-26 11:13:30  150: Data connection accepted from 10.3.93.52:52804; transfer starting for /0001/test/demo1/demo4.txt (4598 bytes)
2022-07-26 11:13:30  226: Disk Quota - Current : 268.177 MBytes - Max : 1 GBytes - Available : 755.823 MBytes
2022-07-26 11:13:30       File sent ok.
2022-07-26 11:13:30  Cmd: DELE /0001/test/demo1/demo4.txt
2022-07-26 11:13:30  250: Disk Quota - Current : 268.172 MBytes - Max : 1 GBytes - Available : 755.828 MBytes
2022-07-26 11:13:30       File "/0001/test/demo1/demo4.txt" deleted.
2022-07-26 11:13:30  Cmd: MDTM /0001/test/demo2/demo1.txt
2022-07-26 11:13:30  213: 20220726031318
2022-07-26 11:13:30  Cmd: PASV
2022-07-26 11:13:30  227: Entering Passive Mode (172,24,4,9,41,102)
2022-07-26 11:13:30  Cmd: RETR /0001/test/demo2/demo1.txt
2022-07-26 11:13:30  150: Data connection accepted from 10.3.93.52:52805; transfer starting for /0001/test/demo2/demo1.txt (4598 bytes)
2022-07-26 11:13:30  226: Disk Quota - Current : 268.172 MBytes - Max : 1 GBytes - Available : 755.828 MBytes
2022-07-26 11:13:30       File sent ok.
2022-07-26 11:13:30  Cmd: DELE /0001/test/demo2/demo1.txt
2022-07-26 11:13:30  250: Disk Quota - Current : 268.168 MBytes - Max : 1 GBytes - Available : 755.832 MBytes
2022-07-26 11:13:30       File "/0001/test/demo2/demo1.txt" deleted.
2022-07-26 11:13:30  Cmd: MDTM /0001/test/demo2/demo2.txt
2022-07-26 11:13:30  213: 20220726031318
2022-07-26 11:13:30  Cmd: PASV
2022-07-26 11:13:30  227: Entering Passive Mode (172,24,4,9,41,141)
2022-07-26 11:13:30  Cmd: RETR /0001/test/demo2/demo2.txt
2022-07-26 11:13:30  150: Data connection accepted from 10.3.93.52:52806; transfer starting for /0001/test/demo2/demo2.txt (4598 bytes)
2022-07-26 11:13:30  226: Disk Quota - Current : 268.168 MBytes - Max : 1 GBytes - Available : 755.832 MBytes
2022-07-26 11:13:30       File sent ok.
2022-07-26 11:13:30  Cmd: DELE /0001/test/demo2/demo2.txt
2022-07-26 11:13:30  250: Disk Quota - Current : 268.163 MBytes - Max : 1 GBytes - Available : 755.837 MBytes
2022-07-26 11:13:30       File "/0001/test/demo2/demo2.txt" deleted.
2022-07-26 11:13:30  Cmd: MDTM /0001/test/demo2/demo3.txt
2022-07-26 11:13:30  213: 20220726031318
2022-07-26 11:13:30  Cmd: PASV
2022-07-26 11:13:30  227: Entering Passive Mode (172,24,4,9,41,134)
2022-07-26 11:13:30  Cmd: RETR /0001/test/demo2/demo3.txt
2022-07-26 11:13:30  150: Data connection accepted from 10.3.93.52:52807; transfer starting for /0001/test/demo2/demo3.txt (4598 bytes)
2022-07-26 11:13:30  226: Disk Quota - Current : 268.163 MBytes - Max : 1 GBytes - Available : 755.837 MBytes
2022-07-26 11:13:30       File sent ok.
2022-07-26 11:13:30  Cmd: DELE /0001/test/demo2/demo3.txt
2022-07-26 11:13:30  250: Disk Quota - Current : 268.159 MBytes - Max : 1 GBytes - Available : 755.841 MBytes
2022-07-26 11:13:30       File "/0001/test/demo2/demo3.txt" deleted.
2022-07-26 11:13:30  Cmd: MDTM /0001/test/demo2/demo4.txt
2022-07-26 11:13:30  213: 20220726031318
2022-07-26 11:13:30  Cmd: PASV
2022-07-26 11:13:30  227: Entering Passive Mode (172,24,4,9,41,208)
2022-07-26 11:13:30  Cmd: RETR /0001/test/demo2/demo4.txt
2022-07-26 11:13:30  150: Data connection accepted from 10.3.93.52:52808; transfer starting for /0001/test/demo2/demo4.txt (4598 bytes)
2022-07-26 11:13:30  226: Disk Quota - Current : 268.159 MBytes - Max : 1 GBytes - Available : 755.841 MBytes
2022-07-26 11:13:30       File sent ok.
2022-07-26 11:13:30  Cmd: DELE /0001/test/demo2/demo4.txt
2022-07-26 11:13:30  250: Disk Quota - Current : 268.155 MBytes - Max : 1 GBytes - Available : 755.845 MBytes
2022-07-26 11:13:30       File "/0001/test/demo2/demo4.txt" deleted.
2022-07-26 11:13:30  Cmd: QUIT
2022-07-26 11:13:30  221: Goodbye.
2022-07-26 11:31:47  LibNcFTP 3.2.5 (January 17, 2011) compiled for Windows
2022-07-26 11:31:47  220: Welcome ...
2022-07-26 11:31:47  Connected to TPFP01.
2022-07-26 11:31:47  Cmd: USER B00NGWGP
2022-07-26 11:31:47  331: Password required for B00NGWGP.
2022-07-26 11:31:47  Cmd: PASS xxxxxxxx
2022-07-26 11:31:47  230: Disk Quota - Current : 268.411 MBytes - Max : 1 GBytes - Available : 755.589 MBytes
2022-07-26 11:31:47       User B00NGWGP logged in.
2022-07-26 11:31:47  Cmd: PWD
2022-07-26 11:31:47  257: "/" is current directory.
2022-07-26 11:31:47  Logged in to TPFP01 as B00NGWGP.
2022-07-26 11:31:47  Cmd: FEAT
2022-07-26 11:31:47  211: Extensions supported:
2022-07-26 11:31:47        AUTH TLS
2022-07-26 11:31:47        CCC
2022-07-26 11:31:47        CLNT
2022-07-26 11:31:47        CPSV
2022-07-26 11:31:47        EPRT
2022-07-26 11:31:47        EPSV
2022-07-26 11:31:47        MDTM
2022-07-26 11:31:47        MFCT
2022-07-26 11:31:47        MFMT
2022-07-26 11:31:47        MLST type*;size*;create;modify*;
2022-07-26 11:31:47        PASV
2022-07-26 11:31:47        PBSZ
2022-07-26 11:31:47        PROT
2022-07-26 11:31:47        REST STREAM
2022-07-26 11:31:47        SIZE
2022-07-26 11:31:47        SSCN
2022-07-26 11:31:47        TVFS
2022-07-26 11:31:47        UTF8
2022-07-26 11:31:47        XCRC "filename" SP EP
2022-07-26 11:31:47        XMD5 "filename" SP EP
2022-07-26 11:31:47        XSHA1 "filename" SP EP
2022-07-26 11:31:47       End.
2022-07-26 11:31:47  Cmd: HELP SITE
2022-07-26 11:31:47  214: No help available
2022-07-26 11:31:47  Cmd: CLNT NcFTPGet 3.2.5 Windows
2022-07-26 11:31:47  200: Noted.
2022-07-26 11:31:47  Cmd: OPTS MLST type;size;modify;
2022-07-26 11:31:47  200: MLST OPTS type;size;modify;
2022-07-26 11:31:47  Cmd: MLST /0001/test
2022-07-26 11:31:47  250: Begin
2022-07-26 11:31:47        type=dir;modify=20220726033127; /0001/test
2022-07-26 11:31:47       End.
2022-07-26 11:31:47  Cmd: PWD
2022-07-26 11:31:47  257: "/" is current directory.
2022-07-26 11:31:47  Cmd: CWD /0001/test
2022-07-26 11:31:47  250: CWD command successful. "/0001/test" is current directory.
2022-07-26 11:31:47  Cmd: MLST .
2022-07-26 11:31:47  250: Begin
2022-07-26 11:31:47        type=dir;modify=20220726033127; /0001/test
2022-07-26 11:31:47       End.
2022-07-26 11:31:47  Cmd: MLST .
2022-07-26 11:31:47  250: Begin
2022-07-26 11:31:47        type=dir;modify=20220726033127; /0001/test
2022-07-26 11:31:47       End.
2022-07-26 11:31:47  Cmd: PASV
2022-07-26 11:31:47  227: Entering Passive Mode (172,24,4,9,41,41)
2022-07-26 11:31:47  Cmd: MLSD
2022-07-26 11:31:47  150: Data connection accepted from 10.3.93.52:52956; transfer starting.
2022-07-26 11:31:47  226: Disk Quota - Current : 268.411 MBytes - Max : 1 GBytes - Available : 755.589 MBytes
2022-07-26 11:31:47       Transfer ok.
2022-07-26 11:31:47  Cmd: PASV
2022-07-26 11:31:47  227: Entering Passive Mode (172,24,4,9,40,236)
2022-07-26 11:31:47  Cmd: MLSD ./demo1
2022-07-26 11:31:47  150: Data connection accepted from 10.3.93.52:52957; transfer starting.
2022-07-26 11:31:47  226: Disk Quota - Current : 268.411 MBytes - Max : 1 GBytes - Available : 755.589 MBytes
2022-07-26 11:31:47       Transfer ok.
2022-07-26 11:31:47  Cmd: PASV
2022-07-26 11:31:47  227: Entering Passive Mode (172,24,4,9,40,34)
2022-07-26 11:31:47  Cmd: MLSD ./demo2
2022-07-26 11:31:47  150: Data connection accepted from 10.3.93.52:52958; transfer starting.
2022-07-26 11:31:47  226: Disk Quota - Current : 268.411 MBytes - Max : 1 GBytes - Available : 755.589 MBytes
2022-07-26 11:31:47       Transfer ok.
2022-07-26 11:31:47  Cmd: CWD /
2022-07-26 11:31:47  250: CWD command successful. "/" is current directory.
2022-07-26 11:31:47  Cmd: MDTM /0001/test/T20200613_43405190_044670.pdf
2022-07-26 11:31:47  213: 20220726033127
2022-07-26 11:31:47  Cmd: TYPE I
2022-07-26 11:31:47  200: Type set to I.
2022-07-26 11:31:47  Cmd: PASV
2022-07-26 11:31:47  227: Entering Passive Mode (172,24,4,9,40,130)
2022-07-26 11:31:47  Cmd: RETR /0001/test/T20200613_43405190_044670.pdf
2022-07-26 11:31:47  150: Data connection accepted from 10.3.93.52:52959; transfer starting for /0001/test/T20200613_43405190_044670.pdf (28837 bytes)
2022-07-26 11:31:47  226: Disk Quota - Current : 268.411 MBytes - Max : 1 GBytes - Available : 755.589 MBytes
2022-07-26 11:31:47       File sent ok.
2022-07-26 11:31:47  Cmd: DELE /0001/test/T20200613_43405190_044670.pdf
2022-07-26 11:31:47  250: Disk Quota - Current : 268.383 MBytes - Max : 1 GBytes - Available : 755.617 MBytes
2022-07-26 11:31:47       File "/0001/test/T20200613_43405190_044670.pdf" deleted.
2022-07-26 11:31:47  Cmd: MDTM /0001/test/T20200613_43405190_044686.pdf
2022-07-26 11:31:47  213: 20220726033127
2022-07-26 11:31:47  Cmd: PASV
2022-07-26 11:31:47  227: Entering Passive Mode (172,24,4,9,40,183)
2022-07-26 11:31:47  Cmd: RETR /0001/test/T20200613_43405190_044686.pdf
2022-07-26 11:31:47  150: Data connection accepted from 10.3.93.52:52960; transfer starting for /0001/test/T20200613_43405190_044686.pdf (29339 bytes)
2022-07-26 11:31:47  226: Disk Quota - Current : 268.383 MBytes - Max : 1 GBytes - Available : 755.617 MBytes
2022-07-26 11:31:47       File sent ok.
2022-07-26 11:31:47  Cmd: DELE /0001/test/T20200613_43405190_044686.pdf
2022-07-26 11:31:47  250: Disk Quota - Current : 268.355 MBytes - Max : 1 GBytes - Available : 755.645 MBytes
2022-07-26 11:31:47       File "/0001/test/T20200613_43405190_044686.pdf" deleted.
2022-07-26 11:31:47  Cmd: MDTM /0001/test/T20200613_43405190_044687.pdf
2022-07-26 11:31:47  213: 20220726033127
2022-07-26 11:31:47  Cmd: PASV
2022-07-26 11:31:47  227: Entering Passive Mode (172,24,4,9,41,25)
2022-07-26 11:31:47  Cmd: RETR /0001/test/T20200613_43405190_044687.pdf
2022-07-26 11:31:47  150: Data connection accepted from 10.3.93.52:52961; transfer starting for /0001/test/T20200613_43405190_044687.pdf (44441 bytes)
2022-07-26 11:31:47  226: Disk Quota - Current : 268.355 MBytes - Max : 1 GBytes - Available : 755.645 MBytes
2022-07-26 11:31:47       File sent ok.
2022-07-26 11:31:47  Cmd: DELE /0001/test/T20200613_43405190_044687.pdf
2022-07-26 11:31:47  250: Disk Quota - Current : 268.313 MBytes - Max : 1 GBytes - Available : 755.687 MBytes
2022-07-26 11:31:47       File "/0001/test/T20200613_43405190_044687.pdf" deleted.
2022-07-26 11:31:47  Cmd: MDTM /0001/test/T20200613_43405190_044688.pdf
2022-07-26 11:31:47  213: 20220726033127
2022-07-26 11:31:47  Cmd: PASV
2022-07-26 11:31:47  227: Entering Passive Mode (172,24,4,9,41,64)
2022-07-26 11:31:47  Cmd: RETR /0001/test/T20200613_43405190_044688.pdf
2022-07-26 11:31:47  150: Data connection accepted from 10.3.93.52:52962; transfer starting for /0001/test/T20200613_43405190_044688.pdf (40451 bytes)
2022-07-26 11:31:47  226: Disk Quota - Current : 268.313 MBytes - Max : 1 GBytes - Available : 755.687 MBytes
2022-07-26 11:31:47       File sent ok.
2022-07-26 11:31:47  Cmd: DELE /0001/test/T20200613_43405190_044688.pdf
2022-07-26 11:31:47  250: Disk Quota - Current : 268.275 MBytes - Max : 1 GBytes - Available : 755.725 MBytes
2022-07-26 11:31:47       File "/0001/test/T20200613_43405190_044688.pdf" deleted.
2022-07-26 11:31:47  Cmd: MDTM /0001/test/T20200619_43405190_045309.pdf
2022-07-26 11:31:47  213: 20220726033127
2022-07-26 11:31:47  Cmd: PASV
2022-07-26 11:31:47  227: Entering Passive Mode (172,24,4,9,41,1)
2022-07-26 11:31:47  Cmd: RETR /0001/test/T20200619_43405190_045309.pdf
2022-07-26 11:31:47  150: Data connection accepted from 10.3.93.52:52963; transfer starting for /0001/test/T20200619_43405190_045309.pdf (44883 bytes)
2022-07-26 11:31:47  226: Disk Quota - Current : 268.275 MBytes - Max : 1 GBytes - Available : 755.725 MBytes
2022-07-26 11:31:47       File sent ok.
2022-07-26 11:31:47  Cmd: DELE /0001/test/T20200619_43405190_045309.pdf
2022-07-26 11:31:47  250: Disk Quota - Current : 268.232 MBytes - Max : 1 GBytes - Available : 755.768 MBytes
2022-07-26 11:31:47       File "/0001/test/T20200619_43405190_045309.pdf" deleted.
2022-07-26 11:31:47  Cmd: MDTM /0001/test/T20200619_43405190_045310.pdf
2022-07-26 11:31:47  213: 20220726033127
2022-07-26 11:31:47  Cmd: PASV
2022-07-26 11:31:47  227: Entering Passive Mode (172,24,4,9,41,70)
2022-07-26 11:31:47  Cmd: RETR /0001/test/T20200619_43405190_045310.pdf
2022-07-26 11:31:47  150: Data connection accepted from 10.3.93.52:52964; transfer starting for /0001/test/T20200619_43405190_045310.pdf (44097 bytes)
2022-07-26 11:31:47  226: Disk Quota - Current : 268.232 MBytes - Max : 1 GBytes - Available : 755.768 MBytes
2022-07-26 11:31:47       File sent ok.
2022-07-26 11:31:47  Cmd: DELE /0001/test/T20200619_43405190_045310.pdf
2022-07-26 11:31:47  250: Disk Quota - Current : 268.19 MBytes - Max : 1 GBytes - Available : 755.81 MBytes
2022-07-26 11:31:47       File "/0001/test/T20200619_43405190_045310.pdf" deleted.
2022-07-26 11:31:47  Cmd: MDTM /0001/test/demo1/demo1.txt
2022-07-26 11:31:47  213: 20220726033137
2022-07-26 11:31:47  Cmd: PASV
2022-07-26 11:31:47  227: Entering Passive Mode (172,24,4,9,40,39)
2022-07-26 11:31:47  Cmd: RETR /0001/test/demo1/demo1.txt
2022-07-26 11:31:47  150: Data connection accepted from 10.3.93.52:52965; transfer starting for /0001/test/demo1/demo1.txt (4598 bytes)
2022-07-26 11:31:47  226: Disk Quota - Current : 268.19 MBytes - Max : 1 GBytes - Available : 755.81 MBytes
2022-07-26 11:31:47       File sent ok.
2022-07-26 11:31:47  Cmd: DELE /0001/test/demo1/demo1.txt
2022-07-26 11:31:47  250: Disk Quota - Current : 268.185 MBytes - Max : 1 GBytes - Available : 755.815 MBytes
2022-07-26 11:31:47       File "/0001/test/demo1/demo1.txt" deleted.
2022-07-26 11:31:47  Cmd: MDTM /0001/test/demo1/demo2.txt
2022-07-26 11:31:47  213: 20220726033137
2022-07-26 11:31:47  Cmd: PASV
2022-07-26 11:31:47  227: Entering Passive Mode (172,24,4,9,40,179)
2022-07-26 11:31:47  Cmd: RETR /0001/test/demo1/demo2.txt
2022-07-26 11:31:47  150: Data connection accepted from 10.3.93.52:52966; transfer starting for /0001/test/demo1/demo2.txt (4598 bytes)
2022-07-26 11:31:47  226: Disk Quota - Current : 268.185 MBytes - Max : 1 GBytes - Available : 755.815 MBytes
2022-07-26 11:31:47       File sent ok.
2022-07-26 11:31:47  Cmd: DELE /0001/test/demo1/demo2.txt
2022-07-26 11:31:47  250: Disk Quota - Current : 268.181 MBytes - Max : 1 GBytes - Available : 755.819 MBytes
2022-07-26 11:31:47       File "/0001/test/demo1/demo2.txt" deleted.
2022-07-26 11:31:47  Cmd: MDTM /0001/test/demo1/demo3.txt
2022-07-26 11:31:47  213: 20220726033137
2022-07-26 11:31:47  Cmd: PASV
2022-07-26 11:31:47  227: Entering Passive Mode (172,24,4,9,41,151)
2022-07-26 11:31:47  Cmd: RETR /0001/test/demo1/demo3.txt
2022-07-26 11:31:47  150: Data connection accepted from 10.3.93.52:52967; transfer starting for /0001/test/demo1/demo3.txt (4598 bytes)
2022-07-26 11:31:47  226: Disk Quota - Current : 268.181 MBytes - Max : 1 GBytes - Available : 755.819 MBytes
2022-07-26 11:31:47       File sent ok.
2022-07-26 11:31:47  Cmd: DELE /0001/test/demo1/demo3.txt
2022-07-26 11:31:47  250: Disk Quota - Current : 268.177 MBytes - Max : 1 GBytes - Available : 755.823 MBytes
2022-07-26 11:31:47       File "/0001/test/demo1/demo3.txt" deleted.
2022-07-26 11:31:47  Cmd: MDTM /0001/test/demo1/demo4.txt
2022-07-26 11:31:47  213: 20220726033137
2022-07-26 11:31:47  Cmd: PASV
2022-07-26 11:31:47  227: Entering Passive Mode (172,24,4,9,41,19)
2022-07-26 11:31:47  Cmd: RETR /0001/test/demo1/demo4.txt
2022-07-26 11:31:47  150: Data connection accepted from 10.3.93.52:52968; transfer starting for /0001/test/demo1/demo4.txt (4598 bytes)
2022-07-26 11:31:47  226: Disk Quota - Current : 268.177 MBytes - Max : 1 GBytes - Available : 755.823 MBytes
2022-07-26 11:31:47       File sent ok.
2022-07-26 11:31:47  Cmd: DELE /0001/test/demo1/demo4.txt
2022-07-26 11:31:47  250: Disk Quota - Current : 268.172 MBytes - Max : 1 GBytes - Available : 755.828 MBytes
2022-07-26 11:31:47       File "/0001/test/demo1/demo4.txt" deleted.
2022-07-26 11:31:47  Cmd: MDTM /0001/test/demo2/demo1.txt
2022-07-26 11:31:47  213: 20220726033133
2022-07-26 11:31:47  Cmd: PASV
2022-07-26 11:31:47  227: Entering Passive Mode (172,24,4,9,40,15)
2022-07-26 11:31:47  Cmd: RETR /0001/test/demo2/demo1.txt
2022-07-26 11:31:47  150: Data connection accepted from 10.3.93.52:52969; transfer starting for /0001/test/demo2/demo1.txt (4598 bytes)
2022-07-26 11:31:47  226: Disk Quota - Current : 268.172 MBytes - Max : 1 GBytes - Available : 755.828 MBytes
2022-07-26 11:31:47       File sent ok.
2022-07-26 11:31:47  Cmd: DELE /0001/test/demo2/demo1.txt
2022-07-26 11:31:47  250: Disk Quota - Current : 268.168 MBytes - Max : 1 GBytes - Available : 755.832 MBytes
2022-07-26 11:31:47       File "/0001/test/demo2/demo1.txt" deleted.
2022-07-26 11:31:47  Cmd: MDTM /0001/test/demo2/demo2.txt
2022-07-26 11:31:47  213: 20220726033133
2022-07-26 11:31:47  Cmd: PASV
2022-07-26 11:31:47  227: Entering Passive Mode (172,24,4,9,40,154)
2022-07-26 11:31:47  Cmd: RETR /0001/test/demo2/demo2.txt
2022-07-26 11:31:47  150: Data connection accepted from 10.3.93.52:52970; transfer starting for /0001/test/demo2/demo2.txt (4598 bytes)
2022-07-26 11:31:47  226: Disk Quota - Current : 268.168 MBytes - Max : 1 GBytes - Available : 755.832 MBytes
2022-07-26 11:31:47       File sent ok.
2022-07-26 11:31:47  Cmd: DELE /0001/test/demo2/demo2.txt
2022-07-26 11:31:47  250: Disk Quota - Current : 268.163 MBytes - Max : 1 GBytes - Available : 755.837 MBytes
2022-07-26 11:31:47       File "/0001/test/demo2/demo2.txt" deleted.
2022-07-26 11:31:47  Cmd: MDTM /0001/test/demo2/demo3.txt
2022-07-26 11:31:47  213: 20220726033133
2022-07-26 11:31:47  Cmd: PASV
2022-07-26 11:31:47  227: Entering Passive Mode (172,24,4,9,41,115)
2022-07-26 11:31:47  Cmd: RETR /0001/test/demo2/demo3.txt
2022-07-26 11:31:47  150: Data connection accepted from 10.3.93.52:52971; transfer starting for /0001/test/demo2/demo3.txt (4598 bytes)
2022-07-26 11:31:47  226: Disk Quota - Current : 268.163 MBytes - Max : 1 GBytes - Available : 755.837 MBytes
2022-07-26 11:31:47       File sent ok.
2022-07-26 11:31:47  Cmd: DELE /0001/test/demo2/demo3.txt
2022-07-26 11:31:47  250: Disk Quota - Current : 268.159 MBytes - Max : 1 GBytes - Available : 755.841 MBytes
2022-07-26 11:31:47       File "/0001/test/demo2/demo3.txt" deleted.
2022-07-26 11:31:47  Cmd: MDTM /0001/test/demo2/demo4.txt
2022-07-26 11:31:47  213: 20220726033133
2022-07-26 11:31:47  Cmd: PASV
2022-07-26 11:31:47  227: Entering Passive Mode (172,24,4,9,41,101)
2022-07-26 11:31:47  Cmd: RETR /0001/test/demo2/demo4.txt
2022-07-26 11:31:47  150: Data connection accepted from 10.3.93.52:52972; transfer starting for /0001/test/demo2/demo4.txt (4598 bytes)
2022-07-26 11:31:47  226: Disk Quota - Current : 268.159 MBytes - Max : 1 GBytes - Available : 755.841 MBytes
2022-07-26 11:31:47       File sent ok.
2022-07-26 11:31:47  Cmd: DELE /0001/test/demo2/demo4.txt
2022-07-26 11:31:47  250: Disk Quota - Current : 268.155 MBytes - Max : 1 GBytes - Available : 755.845 MBytes
2022-07-26 11:31:47       File "/0001/test/demo2/demo4.txt" deleted.
2022-07-26 11:31:47  Cmd: QUIT
2022-07-26 11:31:47  221: Goodbye.
2022-07-26 11:36:36  LibNcFTP 3.2.5 (January 17, 2011) compiled for Windows
2022-07-26 11:36:36  220: Welcome ...
2022-07-26 11:36:36  Connected to TPFP01.
2022-07-26 11:36:36  Cmd: USER B00NGWGP
2022-07-26 11:36:36  331: Password required for B00NGWGP.
2022-07-26 11:36:36  Cmd: PASS xxxxxxxx
2022-07-26 11:36:36  230: Disk Quota - Current : 268.411 MBytes - Max : 1 GBytes - Available : 755.589 MBytes
2022-07-26 11:36:36       User B00NGWGP logged in.
2022-07-26 11:36:36  Cmd: PWD
2022-07-26 11:36:36  257: "/" is current directory.
2022-07-26 11:36:36  Logged in to TPFP01 as B00NGWGP.
2022-07-26 11:36:36  Cmd: FEAT
2022-07-26 11:36:36  211: Extensions supported:
2022-07-26 11:36:36        AUTH TLS
2022-07-26 11:36:36        CCC
2022-07-26 11:36:36        CLNT
2022-07-26 11:36:36        CPSV
2022-07-26 11:36:36        EPRT
2022-07-26 11:36:36        EPSV
2022-07-26 11:36:36        MDTM
2022-07-26 11:36:36        MFCT
2022-07-26 11:36:36        MFMT
2022-07-26 11:36:36        MLST type*;size*;create;modify*;
2022-07-26 11:36:36        PASV
2022-07-26 11:36:36        PBSZ
2022-07-26 11:36:36        PROT
2022-07-26 11:36:36        REST STREAM
2022-07-26 11:36:36        SIZE
2022-07-26 11:36:36        SSCN
2022-07-26 11:36:36        TVFS
2022-07-26 11:36:36        UTF8
2022-07-26 11:36:36        XCRC "filename" SP EP
2022-07-26 11:36:36        XMD5 "filename" SP EP
2022-07-26 11:36:36        XSHA1 "filename" SP EP
2022-07-26 11:36:36       End.
2022-07-26 11:36:36  Cmd: HELP SITE
2022-07-26 11:36:36  214: No help available
2022-07-26 11:36:36  Cmd: CLNT NcFTPGet 3.2.5 Windows
2022-07-26 11:36:36  200: Noted.
2022-07-26 11:36:36  Cmd: OPTS MLST type;size;modify;
2022-07-26 11:36:36  200: MLST OPTS type;size;modify;
2022-07-26 11:36:36  Cmd: MLST /0001/test
2022-07-26 11:36:36  250: Begin
2022-07-26 11:36:36        type=dir;modify=20220726033549; /0001/test
2022-07-26 11:36:36       End.
2022-07-26 11:36:36  Cmd: PWD
2022-07-26 11:36:36  257: "/" is current directory.
2022-07-26 11:36:36  Cmd: CWD /0001/test
2022-07-26 11:36:36  250: CWD command successful. "/0001/test" is current directory.
2022-07-26 11:36:36  Cmd: MLST .
2022-07-26 11:36:36  250: Begin
2022-07-26 11:36:36        type=dir;modify=20220726033549; /0001/test
2022-07-26 11:36:36       End.
2022-07-26 11:36:36  Cmd: MLST .
2022-07-26 11:36:36  250: Begin
2022-07-26 11:36:36        type=dir;modify=20220726033549; /0001/test
2022-07-26 11:36:36       End.
2022-07-26 11:36:36  Cmd: PASV
2022-07-26 11:36:36  227: Entering Passive Mode (172,24,4,9,41,180)
2022-07-26 11:36:36  Cmd: MLSD
2022-07-26 11:36:36  150: Data connection accepted from 10.3.93.52:53042; transfer starting.
2022-07-26 11:36:36  226: Disk Quota - Current : 268.411 MBytes - Max : 1 GBytes - Available : 755.589 MBytes
2022-07-26 11:36:36       Transfer ok.
2022-07-26 11:36:36  Cmd: PASV
2022-07-26 11:36:36  227: Entering Passive Mode (172,24,4,9,40,215)
2022-07-26 11:36:36  Cmd: MLSD ./demo1
2022-07-26 11:36:36  150: Data connection accepted from 10.3.93.52:53043; transfer starting.
2022-07-26 11:36:36  226: Disk Quota - Current : 268.411 MBytes - Max : 1 GBytes - Available : 755.589 MBytes
2022-07-26 11:36:36       Transfer ok.
2022-07-26 11:36:36  Cmd: PASV
2022-07-26 11:36:36  227: Entering Passive Mode (172,24,4,9,40,69)
2022-07-26 11:36:36  Cmd: MLSD ./demo2
2022-07-26 11:36:36  150: Data connection accepted from 10.3.93.52:53044; transfer starting.
2022-07-26 11:36:36  226: Disk Quota - Current : 268.411 MBytes - Max : 1 GBytes - Available : 755.589 MBytes
2022-07-26 11:36:36       Transfer ok.
2022-07-26 11:36:36  Cmd: CWD /
2022-07-26 11:36:36  250: CWD command successful. "/" is current directory.
2022-07-26 11:36:36  Cmd: MDTM /0001/test/T20200613_43405190_044670.pdf
2022-07-26 11:36:36  213: 20220726033548
2022-07-26 11:36:36  Cmd: TYPE I
2022-07-26 11:36:36  200: Type set to I.
2022-07-26 11:36:36  Cmd: PASV
2022-07-26 11:36:36  227: Entering Passive Mode (172,24,4,9,40,74)
2022-07-26 11:36:36  Cmd: RETR /0001/test/T20200613_43405190_044670.pdf
2022-07-26 11:36:36  150: Data connection accepted from 10.3.93.52:53045; transfer starting for /0001/test/T20200613_43405190_044670.pdf (28837 bytes)
2022-07-26 11:36:36  226: Disk Quota - Current : 268.411 MBytes - Max : 1 GBytes - Available : 755.589 MBytes
2022-07-26 11:36:36       File sent ok.
2022-07-26 11:36:36  Cmd: DELE /0001/test/T20200613_43405190_044670.pdf
2022-07-26 11:36:36  250: Disk Quota - Current : 268.383 MBytes - Max : 1 GBytes - Available : 755.617 MBytes
2022-07-26 11:36:36       File "/0001/test/T20200613_43405190_044670.pdf" deleted.
2022-07-26 11:36:36  Cmd: MDTM /0001/test/T20200613_43405190_044686.pdf
2022-07-26 11:36:36  213: 20220726033548
2022-07-26 11:36:36  Cmd: PASV
2022-07-26 11:36:36  227: Entering Passive Mode (172,24,4,9,40,61)
2022-07-26 11:36:36  Cmd: RETR /0001/test/T20200613_43405190_044686.pdf
2022-07-26 11:36:36  150: Data connection accepted from 10.3.93.52:53046; transfer starting for /0001/test/T20200613_43405190_044686.pdf (29339 bytes)
2022-07-26 11:36:36  226: Disk Quota - Current : 268.383 MBytes - Max : 1 GBytes - Available : 755.617 MBytes
2022-07-26 11:36:36       File sent ok.
2022-07-26 11:36:36  Cmd: DELE /0001/test/T20200613_43405190_044686.pdf
2022-07-26 11:36:36  250: Disk Quota - Current : 268.355 MBytes - Max : 1 GBytes - Available : 755.645 MBytes
2022-07-26 11:36:36       File "/0001/test/T20200613_43405190_044686.pdf" deleted.
2022-07-26 11:36:36  Cmd: MDTM /0001/test/T20200613_43405190_044687.pdf
2022-07-26 11:36:36  213: 20220726033549
2022-07-26 11:36:36  Cmd: PASV
2022-07-26 11:36:36  227: Entering Passive Mode (172,24,4,9,40,4)
2022-07-26 11:36:36  Cmd: RETR /0001/test/T20200613_43405190_044687.pdf
2022-07-26 11:36:36  150: Data connection accepted from 10.3.93.52:53047; transfer starting for /0001/test/T20200613_43405190_044687.pdf (44441 bytes)
2022-07-26 11:36:36  226: Disk Quota - Current : 268.355 MBytes - Max : 1 GBytes - Available : 755.645 MBytes
2022-07-26 11:36:36       File sent ok.
2022-07-26 11:36:36  Cmd: DELE /0001/test/T20200613_43405190_044687.pdf
2022-07-26 11:36:36  250: Disk Quota - Current : 268.313 MBytes - Max : 1 GBytes - Available : 755.687 MBytes
2022-07-26 11:36:36       File "/0001/test/T20200613_43405190_044687.pdf" deleted.
2022-07-26 11:36:36  Cmd: MDTM /0001/test/T20200613_43405190_044688.pdf
2022-07-26 11:36:36  213: 20220726033549
2022-07-26 11:36:36  Cmd: PASV
2022-07-26 11:36:36  227: Entering Passive Mode (172,24,4,9,41,81)
2022-07-26 11:36:36  Cmd: RETR /0001/test/T20200613_43405190_044688.pdf
2022-07-26 11:36:36  150: Data connection accepted from 10.3.93.52:53048; transfer starting for /0001/test/T20200613_43405190_044688.pdf (40451 bytes)
2022-07-26 11:36:36  226: Disk Quota - Current : 268.313 MBytes - Max : 1 GBytes - Available : 755.687 MBytes
2022-07-26 11:36:36       File sent ok.
2022-07-26 11:36:36  Cmd: DELE /0001/test/T20200613_43405190_044688.pdf
2022-07-26 11:36:36  250: Disk Quota - Current : 268.275 MBytes - Max : 1 GBytes - Available : 755.725 MBytes
2022-07-26 11:36:36       File "/0001/test/T20200613_43405190_044688.pdf" deleted.
2022-07-26 11:36:36  Cmd: MDTM /0001/test/T20200619_43405190_045309.pdf
2022-07-26 11:36:36  213: 20220726033549
2022-07-26 11:36:36  Cmd: PASV
2022-07-26 11:36:36  227: Entering Passive Mode (172,24,4,9,40,106)
2022-07-26 11:36:36  Cmd: RETR /0001/test/T20200619_43405190_045309.pdf
2022-07-26 11:36:36  150: Data connection accepted from 10.3.93.52:53049; transfer starting for /0001/test/T20200619_43405190_045309.pdf (44883 bytes)
2022-07-26 11:36:36  226: Disk Quota - Current : 268.275 MBytes - Max : 1 GBytes - Available : 755.725 MBytes
2022-07-26 11:36:36       File sent ok.
2022-07-26 11:36:36  Cmd: DELE /0001/test/T20200619_43405190_045309.pdf
2022-07-26 11:36:36  250: Disk Quota - Current : 268.232 MBytes - Max : 1 GBytes - Available : 755.768 MBytes
2022-07-26 11:36:36       File "/0001/test/T20200619_43405190_045309.pdf" deleted.
2022-07-26 11:36:36  Cmd: MDTM /0001/test/T20200619_43405190_045310.pdf
2022-07-26 11:36:36  213: 20220726033549
2022-07-26 11:36:36  Cmd: PASV
2022-07-26 11:36:36  227: Entering Passive Mode (172,24,4,9,40,186)
2022-07-26 11:36:36  Cmd: RETR /0001/test/T20200619_43405190_045310.pdf
2022-07-26 11:36:36  150: Data connection accepted from 10.3.93.52:53050; transfer starting for /0001/test/T20200619_43405190_045310.pdf (44097 bytes)
2022-07-26 11:36:36  226: Disk Quota - Current : 268.232 MBytes - Max : 1 GBytes - Available : 755.768 MBytes
2022-07-26 11:36:36       File sent ok.
2022-07-26 11:36:36  Cmd: DELE /0001/test/T20200619_43405190_045310.pdf
2022-07-26 11:36:36  250: Disk Quota - Current : 268.19 MBytes - Max : 1 GBytes - Available : 755.81 MBytes
2022-07-26 11:36:36       File "/0001/test/T20200619_43405190_045310.pdf" deleted.
2022-07-26 11:36:36  Cmd: MDTM /0001/test/demo1/demo1.txt
2022-07-26 11:36:36  213: 20220726033557
2022-07-26 11:36:36  Cmd: PASV
2022-07-26 11:36:36  227: Entering Passive Mode (172,24,4,9,41,87)
2022-07-26 11:36:36  Cmd: RETR /0001/test/demo1/demo1.txt
2022-07-26 11:36:36  150: Data connection accepted from 10.3.93.52:53051; transfer starting for /0001/test/demo1/demo1.txt (4598 bytes)
2022-07-26 11:36:36  226: Disk Quota - Current : 268.19 MBytes - Max : 1 GBytes - Available : 755.81 MBytes
2022-07-26 11:36:36       File sent ok.
2022-07-26 11:36:36  Cmd: DELE /0001/test/demo1/demo1.txt
2022-07-26 11:36:36  250: Disk Quota - Current : 268.185 MBytes - Max : 1 GBytes - Available : 755.815 MBytes
2022-07-26 11:36:36       File "/0001/test/demo1/demo1.txt" deleted.
2022-07-26 11:36:36  Cmd: MDTM /0001/test/demo1/demo2.txt
2022-07-26 11:36:36  213: 20220726033557
2022-07-26 11:36:36  Cmd: PASV
2022-07-26 11:36:36  227: Entering Passive Mode (172,24,4,9,40,13)
2022-07-26 11:36:36  Cmd: RETR /0001/test/demo1/demo2.txt
2022-07-26 11:36:36  150: Data connection accepted from 10.3.93.52:53052; transfer starting for /0001/test/demo1/demo2.txt (4598 bytes)
2022-07-26 11:36:36  226: Disk Quota - Current : 268.185 MBytes - Max : 1 GBytes - Available : 755.815 MBytes
2022-07-26 11:36:36       File sent ok.
2022-07-26 11:36:36  Cmd: DELE /0001/test/demo1/demo2.txt
2022-07-26 11:36:36  250: Disk Quota - Current : 268.181 MBytes - Max : 1 GBytes - Available : 755.819 MBytes
2022-07-26 11:36:36       File "/0001/test/demo1/demo2.txt" deleted.
2022-07-26 11:36:36  Cmd: MDTM /0001/test/demo1/demo3.txt
2022-07-26 11:36:36  213: 20220726033557
2022-07-26 11:36:36  Cmd: PASV
2022-07-26 11:36:36  227: Entering Passive Mode (172,24,4,9,41,171)
2022-07-26 11:36:36  Cmd: RETR /0001/test/demo1/demo3.txt
2022-07-26 11:36:36  150: Data connection accepted from 10.3.93.52:53053; transfer starting for /0001/test/demo1/demo3.txt (4598 bytes)
2022-07-26 11:36:36  226: Disk Quota - Current : 268.181 MBytes - Max : 1 GBytes - Available : 755.819 MBytes
2022-07-26 11:36:36       File sent ok.
2022-07-26 11:36:36  Cmd: DELE /0001/test/demo1/demo3.txt
2022-07-26 11:36:36  250: Disk Quota - Current : 268.177 MBytes - Max : 1 GBytes - Available : 755.823 MBytes
2022-07-26 11:36:36       File "/0001/test/demo1/demo3.txt" deleted.
2022-07-26 11:36:36  Cmd: MDTM /0001/test/demo1/demo4.txt
2022-07-26 11:36:36  213: 20220726033557
2022-07-26 11:36:36  Cmd: PASV
2022-07-26 11:36:36  227: Entering Passive Mode (172,24,4,9,40,1)
2022-07-26 11:36:36  Cmd: RETR /0001/test/demo1/demo4.txt
2022-07-26 11:36:36  150: Data connection accepted from 10.3.93.52:53054; transfer starting for /0001/test/demo1/demo4.txt (4598 bytes)
2022-07-26 11:36:36  226: Disk Quota - Current : 268.177 MBytes - Max : 1 GBytes - Available : 755.823 MBytes
2022-07-26 11:36:36       File sent ok.
2022-07-26 11:36:36  Cmd: DELE /0001/test/demo1/demo4.txt
2022-07-26 11:36:36  250: Disk Quota - Current : 268.172 MBytes - Max : 1 GBytes - Available : 755.828 MBytes
2022-07-26 11:36:36       File "/0001/test/demo1/demo4.txt" deleted.
2022-07-26 11:36:36  Cmd: MDTM /0001/test/demo2/demo1.txt
2022-07-26 11:36:36  213: 20220726033553
2022-07-26 11:36:36  Cmd: PASV
2022-07-26 11:36:36  227: Entering Passive Mode (172,24,4,9,40,52)
2022-07-26 11:36:36  Cmd: RETR /0001/test/demo2/demo1.txt
2022-07-26 11:36:36  150: Data connection accepted from 10.3.93.52:53055; transfer starting for /0001/test/demo2/demo1.txt (4598 bytes)
2022-07-26 11:36:36  226: Disk Quota - Current : 268.172 MBytes - Max : 1 GBytes - Available : 755.828 MBytes
2022-07-26 11:36:36       File sent ok.
2022-07-26 11:36:36  Cmd: DELE /0001/test/demo2/demo1.txt
2022-07-26 11:36:36  250: Disk Quota - Current : 268.168 MBytes - Max : 1 GBytes - Available : 755.832 MBytes
2022-07-26 11:36:36       File "/0001/test/demo2/demo1.txt" deleted.
2022-07-26 11:36:36  Cmd: MDTM /0001/test/demo2/demo2.txt
2022-07-26 11:36:36  213: 20220726033553
2022-07-26 11:36:36  Cmd: PASV
2022-07-26 11:36:36  227: Entering Passive Mode (172,24,4,9,40,192)
2022-07-26 11:36:36  Cmd: RETR /0001/test/demo2/demo2.txt
2022-07-26 11:36:36  150: Data connection accepted from 10.3.93.52:53056; transfer starting for /0001/test/demo2/demo2.txt (4598 bytes)
2022-07-26 11:36:36  226: Disk Quota - Current : 268.168 MBytes - Max : 1 GBytes - Available : 755.832 MBytes
2022-07-26 11:36:36       File sent ok.
2022-07-26 11:36:36  Cmd: DELE /0001/test/demo2/demo2.txt
2022-07-26 11:36:36  250: Disk Quota - Current : 268.163 MBytes - Max : 1 GBytes - Available : 755.837 MBytes
2022-07-26 11:36:36       File "/0001/test/demo2/demo2.txt" deleted.
2022-07-26 11:36:36  Cmd: MDTM /0001/test/demo2/demo3.txt
2022-07-26 11:36:36  213: 20220726033553
2022-07-26 11:36:36  Cmd: PASV
2022-07-26 11:36:36  227: Entering Passive Mode (172,24,4,9,40,195)
2022-07-26 11:36:36  Cmd: RETR /0001/test/demo2/demo3.txt
2022-07-26 11:36:36  150: Data connection accepted from 10.3.93.52:53057; transfer starting for /0001/test/demo2/demo3.txt (4598 bytes)
2022-07-26 11:36:36  226: Disk Quota - Current : 268.163 MBytes - Max : 1 GBytes - Available : 755.837 MBytes
2022-07-26 11:36:36       File sent ok.
2022-07-26 11:36:36  Cmd: DELE /0001/test/demo2/demo3.txt
2022-07-26 11:36:36  250: Disk Quota - Current : 268.159 MBytes - Max : 1 GBytes - Available : 755.841 MBytes
2022-07-26 11:36:36       File "/0001/test/demo2/demo3.txt" deleted.
2022-07-26 11:36:36  Cmd: MDTM /0001/test/demo2/demo4.txt
2022-07-26 11:36:36  213: 20220726033553
2022-07-26 11:36:36  Cmd: PASV
2022-07-26 11:36:36  227: Entering Passive Mode (172,24,4,9,41,219)
2022-07-26 11:36:36  Cmd: RETR /0001/test/demo2/demo4.txt
2022-07-26 11:36:36  150: Data connection accepted from 10.3.93.52:53058; transfer starting for /0001/test/demo2/demo4.txt (4598 bytes)
2022-07-26 11:36:36  226: Disk Quota - Current : 268.159 MBytes - Max : 1 GBytes - Available : 755.841 MBytes
2022-07-26 11:36:36       File sent ok.
2022-07-26 11:36:36  Cmd: DELE /0001/test/demo2/demo4.txt
2022-07-26 11:36:36  250: Disk Quota - Current : 268.155 MBytes - Max : 1 GBytes - Available : 755.845 MBytes
2022-07-26 11:36:36       File "/0001/test/demo2/demo4.txt" deleted.
2022-07-26 11:36:36  Cmd: QUIT
2022-07-26 11:36:36  221: Goodbye.
